2022-06-20 12:33:30 INFO  FOUserAgent:83 - An fo:table  (No context info available) is wider than the available room in inline-progression-dimension. Adjusting end-indent based on overconstrained geometry rules (XSL 1.1, ch. 5.3.4)
2022-06-20 12:33:30 WARN  FOUserAgent:94 - Font "Symbol,normal,700" not found. Substituting with "Symbol,normal,400".
2022-06-20 12:33:30 WARN  FOUserAgent:94 - Font "ZapfDingbats,normal,700" not found. Substituting with "ZapfDingbats,normal,400".
2022-06-20 12:33:31 INFO  FOUserAgent:83 - Rendered page #1.
2022-06-20 12:56:31 INFO  FOUserAgent:83 - An fo:table  (No context info available) is wider than the available room in inline-progression-dimension. Adjusting end-indent based on overconstrained geometry rules (XSL 1.1, ch. 5.3.4)
2022-06-20 12:56:31 WARN  FOUserAgent:94 - Font "Symbol,normal,700" not found. Substituting with "Symbol,normal,400".
2022-06-20 12:56:31 WARN  FOUserAgent:94 - Font "ZapfDingbats,normal,700" not found. Substituting with "ZapfDingbats,normal,400".
2022-06-20 12:56:32 INFO  FOUserAgent:83 - Rendered page #1.
2022-06-20 13:04:24 INFO  FOUserAgent:83 - An fo:table  (No context info available) is wider than the available room in inline-progression-dimension. Adjusting end-indent based on overconstrained geometry rules (XSL 1.1, ch. 5.3.4)
2022-06-20 13:04:24 WARN  FOUserAgent:94 - Font "Symbol,normal,700" not found. Substituting with "Symbol,normal,400".
2022-06-20 13:04:24 WARN  FOUserAgent:94 - Font "ZapfDingbats,normal,700" not found. Substituting with "ZapfDingbats,normal,400".
2022-06-20 13:04:24 INFO  FOUserAgent:83 - An fo:table  (No context info available) is wider than the available room in inline-progression-dimension. Adjusting end-indent based on overconstrained geometry rules (XSL 1.1, ch. 5.3.4)
2022-06-20 13:04:24 WARN  FOUserAgent:94 - Font "Symbol,normal,700" not found. Substituting with "Symbol,normal,400".
2022-06-20 13:04:24 WARN  FOUserAgent:94 - Font "ZapfDingbats,normal,700" not found. Substituting with "ZapfDingbats,normal,400".
2022-06-20 13:04:24 INFO  FOUserAgent:83 - Rendered page #1.
2022-06-20 13:04:24 INFO  FOUserAgent:83 - Rendered page #1.
2022-06-20 16:46:56 INFO  FOUserAgent:83 - An fo:table  (No context info available) is wider than the available room in inline-progression-dimension. Adjusting end-indent based on overconstrained geometry rules (XSL 1.1, ch. 5.3.4)
2022-06-20 16:46:56 WARN  FOUserAgent:94 - Font "Symbol,normal,700" not found. Substituting with "Symbol,normal,400".
2022-06-20 16:46:56 WARN  FOUserAgent:94 - Font "ZapfDingbats,normal,700" not found. Substituting with "ZapfDingbats,normal,400".
2022-06-20 16:46:56 INFO  FOUserAgent:83 - Rendered page #1.
2022-06-20 16:46:59 INFO  FOUserAgent:83 - An fo:table  (No context info available) is wider than the available room in inline-progression-dimension. Adjusting end-indent based on overconstrained geometry rules (XSL 1.1, ch. 5.3.4)
2022-06-20 16:46:59 WARN  FOUserAgent:94 - Font "Symbol,normal,700" not found. Substituting with "Symbol,normal,400".
2022-06-20 16:46:59 WARN  FOUserAgent:94 - Font "ZapfDingbats,normal,700" not found. Substituting with "ZapfDingbats,normal,400".
2022-06-20 16:46:59 INFO  FOUserAgent:83 - Rendered page #1.
2022-06-20 16:47:03 INFO  FOUserAgent:83 - An fo:table  (No context info available) is wider than the available room in inline-progression-dimension. Adjusting end-indent based on overconstrained geometry rules (XSL 1.1, ch. 5.3.4)
2022-06-20 16:47:03 WARN  FOUserAgent:94 - Font "Symbol,normal,700" not found. Substituting with "Symbol,normal,400".
2022-06-20 16:47:03 WARN  FOUserAgent:94 - Font "ZapfDingbats,normal,700" not found. Substituting with "ZapfDingbats,normal,400".
2022-06-20 16:47:03 INFO  FOUserAgent:83 - Rendered page #1.
2022-06-20 16:47:05 INFO  FOUserAgent:83 - An fo:table  (No context info available) is wider than the available room in inline-progression-dimension. Adjusting end-indent based on overconstrained geometry rules (XSL 1.1, ch. 5.3.4)
2022-06-20 16:47:05 WARN  FOUserAgent:94 - Font "Symbol,normal,700" not found. Substituting with "Symbol,normal,400".
2022-06-20 16:47:05 WARN  FOUserAgent:94 - Font "ZapfDingbats,normal,700" not found. Substituting with "ZapfDingbats,normal,400".
2022-06-20 16:47:05 INFO  FOUserAgent:83 - Rendered page #1.
2022-06-20 16:47:07 INFO  FOUserAgent:83 - An fo:table  (No context info available) is wider than the available room in inline-progression-dimension. Adjusting end-indent based on overconstrained geometry rules (XSL 1.1, ch. 5.3.4)
2022-06-20 16:47:07 WARN  FOUserAgent:94 - Font "Symbol,normal,700" not found. Substituting with "Symbol,normal,400".
2022-06-20 16:47:07 WARN  FOUserAgent:94 - Font "ZapfDingbats,normal,700" not found. Substituting with "ZapfDingbats,normal,400".
2022-06-20 16:47:07 INFO  FOUserAgent:83 - Rendered page #1.
2022-06-20 16:53:23 INFO  FOUserAgent:83 - An fo:table  (No context info available) is wider than the available room in inline-progression-dimension. Adjusting end-indent based on overconstrained geometry rules (XSL 1.1, ch. 5.3.4)
2022-06-20 16:53:23 WARN  FOUserAgent:94 - Font "Symbol,normal,700" not found. Substituting with "Symbol,normal,400".
2022-06-20 16:53:23 WARN  FOUserAgent:94 - Font "ZapfDingbats,normal,700" not found. Substituting with "ZapfDingbats,normal,400".
2022-06-20 16:53:23 INFO  FOUserAgent:83 - Rendered page #1.
2022-06-20 16:53:31 INFO  FOUserAgent:83 - An fo:table  (No context info available) is wider than the available room in inline-progression-dimension. Adjusting end-indent based on overconstrained geometry rules (XSL 1.1, ch. 5.3.4)
2022-06-20 16:53:31 WARN  FOUserAgent:94 - Font "Symbol,normal,700" not found. Substituting with "Symbol,normal,400".
2022-06-20 16:53:31 WARN  FOUserAgent:94 - Font "ZapfDingbats,normal,700" not found. Substituting with "ZapfDingbats,normal,400".
2022-06-20 16:53:31 INFO  FOUserAgent:83 - Rendered page #1.
2022-06-20 17:43:25 INFO  FOUserAgent:83 - An fo:table  (No context info available) is wider than the available room in inline-progression-dimension. Adjusting end-indent based on overconstrained geometry rules (XSL 1.1, ch. 5.3.4)
2022-06-20 17:43:25 WARN  FOUserAgent:94 - Font "Symbol,normal,700" not found. Substituting with "Symbol,normal,400".
2022-06-20 17:43:25 WARN  FOUserAgent:94 - Font "ZapfDingbats,normal,700" not found. Substituting with "ZapfDingbats,normal,400".
2022-06-20 17:43:25 INFO  FOUserAgent:83 - Rendered page #1.
2022-06-20 17:44:01 WARN  PageNotFound:215 - Request method 'GET' not supported
2022-06-20 17:48:04 INFO  FOUserAgent:83 - An fo:table  (No context info available) is wider than the available room in inline-progression-dimension. Adjusting end-indent based on overconstrained geometry rules (XSL 1.1, ch. 5.3.4)
2022-06-20 17:48:04 WARN  FOUserAgent:94 - Font "Symbol,normal,700" not found. Substituting with "Symbol,normal,400".
2022-06-20 17:48:04 WARN  FOUserAgent:94 - Font "ZapfDingbats,normal,700" not found. Substituting with "ZapfDingbats,normal,400".
2022-06-20 17:48:04 INFO  FOUserAgent:83 - Rendered page #1.
2022-06-20 17:48:57 WARN  PageNotFound:215 - Request method 'GET' not supported
2022-06-20 17:49:06 WARN  PageNotFound:215 - Request method 'GET' not supported
2022-06-21 16:22:08 INFO  FOUserAgent:83 - An fo:table  (No context info available) is wider than the available room in inline-progression-dimension. Adjusting end-indent based on overconstrained geometry rules (XSL 1.1, ch. 5.3.4)
2022-06-21 16:22:08 WARN  FOUserAgent:94 - Font "Symbol,normal,700" not found. Substituting with "Symbol,normal,400".
2022-06-21 16:22:08 WARN  FOUserAgent:94 - Font "ZapfDingbats,normal,700" not found. Substituting with "ZapfDingbats,normal,400".
2022-06-21 16:22:08 INFO  FOUserAgent:83 - Rendered page #1.
2022-06-21 16:28:33 INFO  FOUserAgent:83 - An fo:table  (No context info available) is wider than the available room in inline-progression-dimension. Adjusting end-indent based on overconstrained geometry rules (XSL 1.1, ch. 5.3.4)
2022-06-21 16:28:33 WARN  FOUserAgent:94 - Font "Symbol,normal,700" not found. Substituting with "Symbol,normal,400".
2022-06-21 16:28:33 WARN  FOUserAgent:94 - Font "ZapfDingbats,normal,700" not found. Substituting with "ZapfDingbats,normal,400".
2022-06-21 16:28:34 INFO  FOUserAgent:83 - Rendered page #1.
2022-06-21 16:28:37 INFO  FOUserAgent:83 - An fo:table  (No context info available) is wider than the available room in inline-progression-dimension. Adjusting end-indent based on overconstrained geometry rules (XSL 1.1, ch. 5.3.4)
2022-06-21 16:28:37 WARN  FOUserAgent:94 - Font "Symbol,normal,700" not found. Substituting with "Symbol,normal,400".
2022-06-21 16:28:37 WARN  FOUserAgent:94 - Font "ZapfDingbats,normal,700" not found. Substituting with "ZapfDingbats,normal,400".
2022-06-21 16:28:37 INFO  FOUserAgent:83 - Rendered page #1.
2022-06-21 17:37:44 INFO  FOUserAgent:83 - An fo:table  (No context info available) is wider than the available room in inline-progression-dimension. Adjusting end-indent based on overconstrained geometry rules (XSL 1.1, ch. 5.3.4)
2022-06-21 17:37:44 WARN  FOUserAgent:94 - Font "Symbol,normal,700" not found. Substituting with "Symbol,normal,400".
2022-06-21 17:37:44 WARN  FOUserAgent:94 - Font "ZapfDingbats,normal,700" not found. Substituting with "ZapfDingbats,normal,400".
2022-06-21 17:37:44 INFO  FOUserAgent:83 - Rendered page #1.
2022-06-21 17:41:53 INFO  FOUserAgent:83 - An fo:table  (No context info available) is wider than the available room in inline-progression-dimension. Adjusting end-indent based on overconstrained geometry rules (XSL 1.1, ch. 5.3.4)
2022-06-21 17:41:53 WARN  FOUserAgent:94 - Font "Symbol,normal,700" not found. Substituting with "Symbol,normal,400".
2022-06-21 17:41:53 WARN  FOUserAgent:94 - Font "ZapfDingbats,normal,700" not found. Substituting with "ZapfDingbats,normal,400".
2022-06-21 17:41:53 INFO  FOUserAgent:83 - Rendered page #1.
2022-06-21 17:44:48 INFO  FOUserAgent:83 - An fo:table  (No context info available) is wider than the available room in inline-progression-dimension. Adjusting end-indent based on overconstrained geometry rules (XSL 1.1, ch. 5.3.4)
2022-06-21 17:44:48 WARN  FOUserAgent:94 - Font "Symbol,normal,700" not found. Substituting with "Symbol,normal,400".
2022-06-21 17:44:48 WARN  FOUserAgent:94 - Font "ZapfDingbats,normal,700" not found. Substituting with "ZapfDingbats,normal,400".
2022-06-21 17:44:48 INFO  FOUserAgent:83 - Rendered page #1.
2022-06-21 17:45:00 INFO  FOUserAgent:83 - An fo:table  (No context info available) is wider than the available room in inline-progression-dimension. Adjusting end-indent based on overconstrained geometry rules (XSL 1.1, ch. 5.3.4)
2022-06-21 17:45:00 WARN  FOUserAgent:94 - Font "Symbol,normal,700" not found. Substituting with "Symbol,normal,400".
2022-06-21 17:45:00 WARN  FOUserAgent:94 - Font "ZapfDingbats,normal,700" not found. Substituting with "ZapfDingbats,normal,400".
2022-06-21 17:45:00 INFO  FOUserAgent:83 - Rendered page #1.
2022-06-22 12:26:52 WARN  DefaultHandlerExceptionResolver:384 - Failed to read HTTP message: org.springframework.http.converter.HttpMessageNotReadableException: Could not read document: Cannot deserialize value of type `java.lang.Integer` from String "2.3": not a valid Integer value
 at [Source: (PushbackInputStream); line: 1, column: 69] (through reference chain: pos.model.form.ProductForm["mrp"]); nested exception is com.fasterxml.jackson.databind.exc.InvalidFormatException: Cannot deserialize value of type `java.lang.Integer` from String "2.3": not a valid Integer value
 at [Source: (PushbackInputStream); line: 1, column: 69] (through reference chain: pos.model.form.ProductForm["mrp"])
2022-06-22 14:14:11 INFO  FOUserAgent:83 - An fo:table  (No context info available) is wider than the available room in inline-progression-dimension. Adjusting end-indent based on overconstrained geometry rules (XSL 1.1, ch. 5.3.4)
2022-06-22 14:14:11 WARN  FOUserAgent:94 - Font "Symbol,normal,700" not found. Substituting with "Symbol,normal,400".
2022-06-22 14:14:11 WARN  FOUserAgent:94 - Font "ZapfDingbats,normal,700" not found. Substituting with "ZapfDingbats,normal,400".
2022-06-22 14:14:12 INFO  FOUserAgent:83 - Rendered page #1.
2022-06-22 14:26:49 INFO  FOUserAgent:83 - An fo:table  (No context info available) is wider than the available room in inline-progression-dimension. Adjusting end-indent based on overconstrained geometry rules (XSL 1.1, ch. 5.3.4)
2022-06-22 14:26:49 WARN  FOUserAgent:94 - Font "Symbol,normal,700" not found. Substituting with "Symbol,normal,400".
2022-06-22 14:26:49 WARN  FOUserAgent:94 - Font "ZapfDingbats,normal,700" not found. Substituting with "ZapfDingbats,normal,400".
2022-06-22 14:26:49 INFO  FOUserAgent:83 - Rendered page #1.
2022-06-22 16:46:24 INFO  FOUserAgent:83 - An fo:table  (No context info available) is wider than the available room in inline-progression-dimension. Adjusting end-indent based on overconstrained geometry rules (XSL 1.1, ch. 5.3.4)
2022-06-22 16:46:24 WARN  FOUserAgent:94 - Font "Symbol,normal,700" not found. Substituting with "Symbol,normal,400".
2022-06-22 16:46:24 WARN  FOUserAgent:94 - Font "ZapfDingbats,normal,700" not found. Substituting with "ZapfDingbats,normal,400".
2022-06-22 16:46:24 INFO  FOUserAgent:83 - Rendered page #1.
2022-06-22 16:49:23 INFO  FOUserAgent:83 - An fo:table  (No context info available) is wider than the available room in inline-progression-dimension. Adjusting end-indent based on overconstrained geometry rules (XSL 1.1, ch. 5.3.4)
2022-06-22 16:49:23 WARN  FOUserAgent:94 - Font "Symbol,normal,700" not found. Substituting with "Symbol,normal,400".
2022-06-22 16:49:23 WARN  FOUserAgent:94 - Font "ZapfDingbats,normal,700" not found. Substituting with "ZapfDingbats,normal,400".
2022-06-22 16:49:23 INFO  FOUserAgent:83 - Rendered page #1.
2022-06-23 15:57:14 INFO  FOUserAgent:83 - An fo:table  (No context info available) is wider than the available room in inline-progression-dimension. Adjusting end-indent based on overconstrained geometry rules (XSL 1.1, ch. 5.3.4)
2022-06-23 15:57:14 WARN  FOUserAgent:94 - Font "Symbol,normal,700" not found. Substituting with "Symbol,normal,400".
2022-06-23 15:57:14 WARN  FOUserAgent:94 - Font "ZapfDingbats,normal,700" not found. Substituting with "ZapfDingbats,normal,400".
2022-06-23 15:57:14 INFO  FOUserAgent:83 - Rendered page #1.
2022-06-23 18:16:37 INFO  FOUserAgent:83 - An fo:table  (No context info available) is wider than the available room in inline-progression-dimension. Adjusting end-indent based on overconstrained geometry rules (XSL 1.1, ch. 5.3.4)
2022-06-23 18:16:37 WARN  FOUserAgent:94 - Font "Symbol,normal,700" not found. Substituting with "Symbol,normal,400".
2022-06-23 18:16:37 WARN  FOUserAgent:94 - Font "ZapfDingbats,normal,700" not found. Substituting with "ZapfDingbats,normal,400".
2022-06-23 18:16:37 INFO  FOUserAgent:83 - Rendered page #1.
2022-06-23 18:16:49 INFO  FOUserAgent:83 - An fo:table  (No context info available) is wider than the available room in inline-progression-dimension. Adjusting end-indent based on overconstrained geometry rules (XSL 1.1, ch. 5.3.4)
2022-06-23 18:16:49 WARN  FOUserAgent:94 - Font "Symbol,normal,700" not found. Substituting with "Symbol,normal,400".
2022-06-23 18:16:49 WARN  FOUserAgent:94 - Font "ZapfDingbats,normal,700" not found. Substituting with "ZapfDingbats,normal,400".
2022-06-23 18:16:49 INFO  FOUserAgent:83 - Rendered page #1.
2022-06-23 18:16:50 INFO  FOUserAgent:83 - An fo:table  (No context info available) is wider than the available room in inline-progression-dimension. Adjusting end-indent based on overconstrained geometry rules (XSL 1.1, ch. 5.3.4)
2022-06-23 18:16:50 WARN  FOUserAgent:94 - Font "Symbol,normal,700" not found. Substituting with "Symbol,normal,400".
2022-06-23 18:16:50 WARN  FOUserAgent:94 - Font "ZapfDingbats,normal,700" not found. Substituting with "ZapfDingbats,normal,400".
2022-06-23 18:16:50 INFO  FOUserAgent:83 - Rendered page #1.
2022-06-23 18:16:52 INFO  FOUserAgent:83 - An fo:table  (No context info available) is wider than the available room in inline-progression-dimension. Adjusting end-indent based on overconstrained geometry rules (XSL 1.1, ch. 5.3.4)
2022-06-23 18:16:52 WARN  FOUserAgent:94 - Font "Symbol,normal,700" not found. Substituting with "Symbol,normal,400".
2022-06-23 18:16:52 WARN  FOUserAgent:94 - Font "ZapfDingbats,normal,700" not found. Substituting with "ZapfDingbats,normal,400".
2022-06-23 18:16:52 INFO  FOUserAgent:83 - Rendered page #1.
2022-06-24 11:45:57 WARN  DefaultHandlerExceptionResolver:384 - Failed to read HTTP message: org.springframework.http.converter.HttpMessageNotReadableException: Could not read document: Cannot deserialize value of type `java.lang.Integer` from String "36512807329873875987934895984789586487": not a valid Integer value
 at [Source: (PushbackInputStream); line: 1, column: 29] (through reference chain: pos.model.form.InventoryForm["quantity"]); nested exception is com.fasterxml.jackson.databind.exc.InvalidFormatException: Cannot deserialize value of type `java.lang.Integer` from String "36512807329873875987934895984789586487": not a valid Integer value
 at [Source: (PushbackInputStream); line: 1, column: 29] (through reference chain: pos.model.form.InventoryForm["quantity"])
2022-06-24 12:24:57 INFO  FOUserAgent:83 - An fo:table  (No context info available) is wider than the available room in inline-progression-dimension. Adjusting end-indent based on overconstrained geometry rules (XSL 1.1, ch. 5.3.4)
2022-06-24 12:24:57 WARN  FOUserAgent:94 - Font "Symbol,normal,700" not found. Substituting with "Symbol,normal,400".
2022-06-24 12:24:57 WARN  FOUserAgent:94 - Font "ZapfDingbats,normal,700" not found. Substituting with "ZapfDingbats,normal,400".
2022-06-24 12:24:57 INFO  FOUserAgent:83 - Rendered page #1.
2022-06-24 12:25:16 INFO  FOUserAgent:83 - An fo:table  (No context info available) is wider than the available room in inline-progression-dimension. Adjusting end-indent based on overconstrained geometry rules (XSL 1.1, ch. 5.3.4)
2022-06-24 12:25:16 WARN  FOUserAgent:94 - Font "Symbol,normal,700" not found. Substituting with "Symbol,normal,400".
2022-06-24 12:25:16 WARN  FOUserAgent:94 - Font "ZapfDingbats,normal,700" not found. Substituting with "ZapfDingbats,normal,400".
2022-06-24 12:25:16 INFO  FOUserAgent:83 - Rendered page #1.
2022-06-24 12:25:55 INFO  FOUserAgent:83 - An fo:table  (No context info available) is wider than the available room in inline-progression-dimension. Adjusting end-indent based on overconstrained geometry rules (XSL 1.1, ch. 5.3.4)
2022-06-24 12:25:55 WARN  FOUserAgent:94 - Font "Symbol,normal,700" not found. Substituting with "Symbol,normal,400".
2022-06-24 12:25:55 WARN  FOUserAgent:94 - Font "ZapfDingbats,normal,700" not found. Substituting with "ZapfDingbats,normal,400".
2022-06-24 12:25:55 INFO  FOUserAgent:83 - Rendered page #1.
2022-06-24 12:26:00 INFO  FOUserAgent:83 - An fo:table  (No context info available) is wider than the available room in inline-progression-dimension. Adjusting end-indent based on overconstrained geometry rules (XSL 1.1, ch. 5.3.4)
2022-06-24 12:26:00 WARN  FOUserAgent:94 - Font "Symbol,normal,700" not found. Substituting with "Symbol,normal,400".
2022-06-24 12:26:00 WARN  FOUserAgent:94 - Font "ZapfDingbats,normal,700" not found. Substituting with "ZapfDingbats,normal,400".
2022-06-24 12:26:00 INFO  FOUserAgent:83 - Rendered page #1.
2022-06-24 16:50:21 INFO  FOUserAgent:83 - An fo:table  (No context info available) is wider than the available room in inline-progression-dimension. Adjusting end-indent based on overconstrained geometry rules (XSL 1.1, ch. 5.3.4)
2022-06-24 16:50:21 WARN  FOUserAgent:94 - Font "Symbol,normal,700" not found. Substituting with "Symbol,normal,400".
2022-06-24 16:50:21 WARN  FOUserAgent:94 - Font "ZapfDingbats,normal,700" not found. Substituting with "ZapfDingbats,normal,400".
2022-06-24 16:50:21 INFO  FOUserAgent:83 - Rendered page #1.
2022-06-24 19:21:07 INFO  FOUserAgent:83 - An fo:table  (No context info available) is wider than the available room in inline-progression-dimension. Adjusting end-indent based on overconstrained geometry rules (XSL 1.1, ch. 5.3.4)
2022-06-24 19:21:07 WARN  FOUserAgent:94 - Font "Symbol,normal,700" not found. Substituting with "Symbol,normal,400".
2022-06-24 19:21:07 WARN  FOUserAgent:94 - Font "ZapfDingbats,normal,700" not found. Substituting with "ZapfDingbats,normal,400".
2022-06-24 19:21:07 INFO  FOUserAgent:83 - Rendered page #1.
2022-06-24 19:21:31 INFO  FOUserAgent:83 - An fo:table  (No context info available) is wider than the available room in inline-progression-dimension. Adjusting end-indent based on overconstrained geometry rules (XSL 1.1, ch. 5.3.4)
2022-06-24 19:21:31 WARN  FOUserAgent:94 - Font "Symbol,normal,700" not found. Substituting with "Symbol,normal,400".
2022-06-24 19:21:31 WARN  FOUserAgent:94 - Font "ZapfDingbats,normal,700" not found. Substituting with "ZapfDingbats,normal,400".
2022-06-24 19:21:31 INFO  FOUserAgent:83 - Rendered page #1.
2022-06-24 19:57:28 WARN  SqlExceptionHelper:137 - SQL Error: 1406, SQLState: 22001
2022-06-24 19:57:28 ERROR SqlExceptionHelper:142 - Data truncation: Data too long for column 'brand' at row 1
2022-06-24 19:58:07 WARN  SqlExceptionHelper:137 - SQL Error: 1406, SQLState: 22001
2022-06-24 19:58:07 ERROR SqlExceptionHelper:142 - Data truncation: Data too long for column 'brand' at row 1
2022-06-24 20:00:04 WARN  SqlExceptionHelper:137 - SQL Error: 1406, SQLState: 22001
2022-06-24 20:00:04 ERROR SqlExceptionHelper:142 - Data truncation: Data too long for column 'brand' at row 1
2022-06-24 20:16:49 WARN  SqlExceptionHelper:137 - SQL Error: 1062, SQLState: 23000
2022-06-24 20:16:49 ERROR SqlExceptionHelper:142 - Duplicate entry '1' for key 'ProductPojo.UK5323ynxfutovqw4273eb71cqm'
2022-06-24 20:16:49 ERROR ExceptionMapperStandardImpl:39 - HHH000346: Error during managed flush [org.hibernate.exception.ConstraintViolationException: could not execute statement]
2022-06-24 20:17:11 WARN  SqlExceptionHelper:137 - SQL Error: 1062, SQLState: 23000
2022-06-24 20:17:11 ERROR SqlExceptionHelper:142 - Duplicate entry '1' for key 'ProductPojo.UK5323ynxfutovqw4273eb71cqm'
2022-06-24 20:17:11 ERROR ExceptionMapperStandardImpl:39 - HHH000346: Error during managed flush [org.hibernate.exception.ConstraintViolationException: could not execute statement]
2022-06-24 20:27:16 INFO  FOUserAgent:83 - An fo:table  (No context info available) is wider than the available room in inline-progression-dimension. Adjusting end-indent based on overconstrained geometry rules (XSL 1.1, ch. 5.3.4)
2022-06-24 20:27:16 WARN  FOUserAgent:94 - Font "Symbol,normal,700" not found. Substituting with "Symbol,normal,400".
2022-06-24 20:27:16 WARN  FOUserAgent:94 - Font "ZapfDingbats,normal,700" not found. Substituting with "ZapfDingbats,normal,400".
2022-06-24 20:27:16 INFO  FOUserAgent:83 - Rendered page #1.
2022-06-24 20:29:14 INFO  FOUserAgent:83 - An fo:table  (No context info available) is wider than the available room in inline-progression-dimension. Adjusting end-indent based on overconstrained geometry rules (XSL 1.1, ch. 5.3.4)
2022-06-24 20:29:14 WARN  FOUserAgent:94 - Font "Symbol,normal,700" not found. Substituting with "Symbol,normal,400".
2022-06-24 20:29:14 WARN  FOUserAgent:94 - Font "ZapfDingbats,normal,700" not found. Substituting with "ZapfDingbats,normal,400".
2022-06-24 20:29:14 INFO  FOUserAgent:83 - Rendered page #1.
2022-06-24 20:29:53 INFO  FOUserAgent:83 - An fo:table  (No context info available) is wider than the available room in inline-progression-dimension. Adjusting end-indent based on overconstrained geometry rules (XSL 1.1, ch. 5.3.4)
2022-06-24 20:29:53 WARN  FOUserAgent:94 - Font "Symbol,normal,700" not found. Substituting with "Symbol,normal,400".
2022-06-24 20:29:53 WARN  FOUserAgent:94 - Font "ZapfDingbats,normal,700" not found. Substituting with "ZapfDingbats,normal,400".
2022-06-24 20:29:53 INFO  FOUserAgent:83 - Rendered page #1.
2022-06-24 20:32:43 INFO  FOUserAgent:83 - An fo:table  (No context info available) is wider than the available room in inline-progression-dimension. Adjusting end-indent based on overconstrained geometry rules (XSL 1.1, ch. 5.3.4)
2022-06-24 20:32:43 WARN  FOUserAgent:94 - Font "Symbol,normal,700" not found. Substituting with "Symbol,normal,400".
2022-06-24 20:32:43 WARN  FOUserAgent:94 - Font "ZapfDingbats,normal,700" not found. Substituting with "ZapfDingbats,normal,400".
2022-06-24 20:32:43 INFO  FOUserAgent:83 - Rendered page #1.
2022-06-24 20:32:54 INFO  FOUserAgent:83 - An fo:table  (No context info available) is wider than the available room in inline-progression-dimension. Adjusting end-indent based on overconstrained geometry rules (XSL 1.1, ch. 5.3.4)
2022-06-24 20:32:54 WARN  FOUserAgent:94 - Font "Symbol,normal,700" not found. Substituting with "Symbol,normal,400".
2022-06-24 20:32:54 WARN  FOUserAgent:94 - Font "ZapfDingbats,normal,700" not found. Substituting with "ZapfDingbats,normal,400".
2022-06-24 20:32:54 INFO  FOUserAgent:83 - Rendered page #1.
